do_0.5
mixup_alpha_0.0
mixup_consistency_0.0
0
epoch :   0,loss:1.9464673996, train_acc:0.257, dev_acc:0.171, test_acc:0.238
epoch : 400,loss:0.1029003039, train_acc:1.000, dev_acc:0.629, test_acc:0.716
epoch : 800,loss:0.0808673501, train_acc:1.000, dev_acc:0.629, test_acc:0.709
epoch :1200,loss:0.0769341439, train_acc:1.000, dev_acc:0.629, test_acc:0.710
epoch :1600,loss:0.0757993534, train_acc:1.000, dev_acc:0.629, test_acc:0.712
Test acc74.286
1
epoch :   0,loss:1.9425687790, train_acc:0.229, dev_acc:0.200, test_acc:0.121
epoch : 400,loss:0.1019063443, train_acc:1.000, dev_acc:0.629, test_acc:0.710
epoch : 800,loss:0.0807650909, train_acc:1.000, dev_acc:0.629, test_acc:0.714
epoch :1200,loss:0.0769668445, train_acc:1.000, dev_acc:0.629, test_acc:0.711
epoch :1600,loss:0.0758570731, train_acc:1.000, dev_acc:0.629, test_acc:0.709
Test acc74.286
2
epoch :   0,loss:1.9431819916, train_acc:0.371, dev_acc:0.171, test_acc:0.162
epoch : 400,loss:0.1041505262, train_acc:1.000, dev_acc:0.629, test_acc:0.703
epoch : 800,loss:0.0815564990, train_acc:1.000, dev_acc:0.629, test_acc:0.705
epoch :1200,loss:0.0776663199, train_acc:1.000, dev_acc:0.629, test_acc:0.708
epoch :1600,loss:0.0765018389, train_acc:1.000, dev_acc:0.629, test_acc:0.709
Test acc68.571
3
epoch :   0,loss:1.9473190308, train_acc:0.114, dev_acc:0.086, test_acc:0.254
epoch : 400,loss:0.1020048931, train_acc:1.000, dev_acc:0.629, test_acc:0.715
epoch : 800,loss:0.0798534006, train_acc:1.000, dev_acc:0.629, test_acc:0.715
epoch :1200,loss:0.0765655041, train_acc:1.000, dev_acc:0.629, test_acc:0.712
epoch :1600,loss:0.0756045207, train_acc:1.000, dev_acc:0.629, test_acc:0.711
Test acc68.571
4
epoch :   0,loss:1.9410673380, train_acc:0.257, dev_acc:0.114, test_acc:0.119
epoch : 400,loss:0.1040866077, train_acc:1.000, dev_acc:0.629, test_acc:0.701
epoch : 800,loss:0.0814352483, train_acc:1.000, dev_acc:0.629, test_acc:0.707
epoch :1200,loss:0.0773862675, train_acc:1.000, dev_acc:0.629, test_acc:0.706
epoch :1600,loss:0.0762338862, train_acc:1.000, dev_acc:0.629, test_acc:0.706
Test acc71.429
do, mix_alpha, consis_coeff_0.5_0.0_0.0:71.42857142857143_2.5555062599997633
time_137.3682346343994
best_val_acc:71.42857142857143
Running model using best hyperparameters
best_do_0.5
best_mixup_alpha_0.0
best_mixup_consistency_0.0
0
epoch :   0,loss:1.9464673996, train_acc:0.257, dev_acc:0.171, test_acc:0.238
epoch : 400,loss:0.1029003039, train_acc:1.000, dev_acc:0.629, test_acc:0.716
epoch : 800,loss:0.0808673501, train_acc:1.000, dev_acc:0.629, test_acc:0.709
epoch :1200,loss:0.0769341439, train_acc:1.000, dev_acc:0.629, test_acc:0.710
epoch :1600,loss:0.0757993534, train_acc:1.000, dev_acc:0.629, test_acc:0.712
Test acc67.898
1
epoch :   0,loss:1.9425687790, train_acc:0.229, dev_acc:0.200, test_acc:0.121
epoch : 400,loss:0.1019063443, train_acc:1.000, dev_acc:0.629, test_acc:0.710
epoch : 800,loss:0.0807650909, train_acc:1.000, dev_acc:0.629, test_acc:0.714
epoch :1200,loss:0.0769668445, train_acc:1.000, dev_acc:0.629, test_acc:0.711
epoch :1600,loss:0.0758570731, train_acc:1.000, dev_acc:0.629, test_acc:0.709
Test acc68.726
2
epoch :   0,loss:1.9431819916, train_acc:0.371, dev_acc:0.171, test_acc:0.162
epoch : 400,loss:0.1041505262, train_acc:1.000, dev_acc:0.629, test_acc:0.703
epoch : 800,loss:0.0815564990, train_acc:1.000, dev_acc:0.629, test_acc:0.705
epoch :1200,loss:0.0776663199, train_acc:1.000, dev_acc:0.629, test_acc:0.708
epoch :1600,loss:0.0765018389, train_acc:1.000, dev_acc:0.629, test_acc:0.709
Test acc68.790
3
epoch :   0,loss:1.9473190308, train_acc:0.114, dev_acc:0.086, test_acc:0.254
epoch : 400,loss:0.1020048931, train_acc:1.000, dev_acc:0.629, test_acc:0.715
epoch : 800,loss:0.0798534006, train_acc:1.000, dev_acc:0.629, test_acc:0.715
epoch :1200,loss:0.0765655041, train_acc:1.000, dev_acc:0.629, test_acc:0.712
epoch :1600,loss:0.0756045207, train_acc:1.000, dev_acc:0.629, test_acc:0.711
Test acc71.529
4
epoch :   0,loss:1.9410673380, train_acc:0.257, dev_acc:0.114, test_acc:0.119
epoch : 400,loss:0.1040866077, train_acc:1.000, dev_acc:0.629, test_acc:0.701
epoch : 800,loss:0.0814352483, train_acc:1.000, dev_acc:0.629, test_acc:0.707
epoch :1200,loss:0.0773862675, train_acc:1.000, dev_acc:0.629, test_acc:0.706
epoch :1600,loss:0.0762338862, train_acc:1.000, dev_acc:0.629, test_acc:0.706
Test acc68.408
do, mix_alpha, consis_coeff_0.5_0.0_0.0:69.07006369426752_1.2691632223640186
time_268.5127372741699
