do_0.5
mixup_alpha_0.0
mixup_consistency_0.0
0
epoch :   0,loss:1.9552059174, train_acc:0.257, dev_acc:0.143, test_acc:0.270
epoch : 400,loss:0.0961536393, train_acc:1.000, dev_acc:0.657, test_acc:0.736
epoch : 800,loss:0.0763483346, train_acc:1.000, dev_acc:0.657, test_acc:0.739
epoch :1200,loss:0.0732137337, train_acc:1.000, dev_acc:0.657, test_acc:0.739
epoch :1600,loss:0.0721392483, train_acc:1.000, dev_acc:0.657, test_acc:0.738
Test acc68.571
1
epoch :   0,loss:1.9466692209, train_acc:0.257, dev_acc:0.171, test_acc:0.127
epoch : 400,loss:0.0964587927, train_acc:1.000, dev_acc:0.657, test_acc:0.737
epoch : 800,loss:0.0762946531, train_acc:1.000, dev_acc:0.657, test_acc:0.734
epoch :1200,loss:0.0726131573, train_acc:1.000, dev_acc:0.657, test_acc:0.739
epoch :1600,loss:0.0712909102, train_acc:1.000, dev_acc:0.657, test_acc:0.739
Test acc74.286
2
epoch :   0,loss:1.9426164627, train_acc:0.171, dev_acc:0.229, test_acc:0.152
epoch : 400,loss:0.0964603126, train_acc:1.000, dev_acc:0.686, test_acc:0.734
epoch : 800,loss:0.0761561915, train_acc:1.000, dev_acc:0.657, test_acc:0.739
epoch :1200,loss:0.0728663206, train_acc:1.000, dev_acc:0.657, test_acc:0.739
epoch :1600,loss:0.0719138011, train_acc:1.000, dev_acc:0.657, test_acc:0.739
Test acc71.429
3
epoch :   0,loss:1.9525687695, train_acc:0.171, dev_acc:0.086, test_acc:0.259
epoch : 400,loss:0.0965030715, train_acc:1.000, dev_acc:0.657, test_acc:0.736
epoch : 800,loss:0.0760854185, train_acc:1.000, dev_acc:0.657, test_acc:0.738
epoch :1200,loss:0.0727035031, train_acc:1.000, dev_acc:0.657, test_acc:0.739
epoch :1600,loss:0.0717763081, train_acc:1.000, dev_acc:0.657, test_acc:0.738
Test acc74.286
4
epoch :   0,loss:1.9411073923, train_acc:0.229, dev_acc:0.114, test_acc:0.118
epoch : 400,loss:0.0967718139, train_acc:1.000, dev_acc:0.657, test_acc:0.732
epoch : 800,loss:0.0763538405, train_acc:1.000, dev_acc:0.657, test_acc:0.738
epoch :1200,loss:0.0732714012, train_acc:1.000, dev_acc:0.657, test_acc:0.735
epoch :1600,loss:0.0725200549, train_acc:1.000, dev_acc:0.657, test_acc:0.734
Test acc74.286
do, mix_alpha, consis_coeff_0.5_0.0_0.0:72.57142857142857_2.285714285714289
time_137.93504977226257
best_val_acc:72.57142857142857
Running model using best hyperparameters
best_do_0.5
best_mixup_alpha_0.0
best_mixup_consistency_0.0
0
epoch :   0,loss:1.9552059174, train_acc:0.257, dev_acc:0.143, test_acc:0.270
epoch : 400,loss:0.0961536393, train_acc:1.000, dev_acc:0.657, test_acc:0.736
epoch : 800,loss:0.0763483346, train_acc:1.000, dev_acc:0.657, test_acc:0.739
epoch :1200,loss:0.0732137337, train_acc:1.000, dev_acc:0.657, test_acc:0.739
epoch :1600,loss:0.0721392483, train_acc:1.000, dev_acc:0.657, test_acc:0.738
Test acc73.185
1
epoch :   0,loss:1.9466692209, train_acc:0.257, dev_acc:0.171, test_acc:0.127
epoch : 400,loss:0.0964587927, train_acc:1.000, dev_acc:0.657, test_acc:0.737
epoch : 800,loss:0.0762946531, train_acc:1.000, dev_acc:0.657, test_acc:0.734
epoch :1200,loss:0.0726131573, train_acc:1.000, dev_acc:0.657, test_acc:0.739
epoch :1600,loss:0.0712909102, train_acc:1.000, dev_acc:0.657, test_acc:0.739
Test acc72.930
2
epoch :   0,loss:1.9426164627, train_acc:0.171, dev_acc:0.229, test_acc:0.152
epoch : 400,loss:0.0964603126, train_acc:1.000, dev_acc:0.686, test_acc:0.734
epoch : 800,loss:0.0761561915, train_acc:1.000, dev_acc:0.657, test_acc:0.739
epoch :1200,loss:0.0728663206, train_acc:1.000, dev_acc:0.657, test_acc:0.739
epoch :1600,loss:0.0719138011, train_acc:1.000, dev_acc:0.657, test_acc:0.739
Test acc67.580
3
epoch :   0,loss:1.9525687695, train_acc:0.171, dev_acc:0.086, test_acc:0.259
epoch : 400,loss:0.0965030715, train_acc:1.000, dev_acc:0.657, test_acc:0.736
epoch : 800,loss:0.0760854185, train_acc:1.000, dev_acc:0.657, test_acc:0.738
epoch :1200,loss:0.0727035031, train_acc:1.000, dev_acc:0.657, test_acc:0.739
epoch :1600,loss:0.0717763081, train_acc:1.000, dev_acc:0.657, test_acc:0.738
Test acc73.312
4
epoch :   0,loss:1.9411073923, train_acc:0.229, dev_acc:0.114, test_acc:0.118
epoch : 400,loss:0.0967718139, train_acc:1.000, dev_acc:0.657, test_acc:0.732
epoch : 800,loss:0.0763538405, train_acc:1.000, dev_acc:0.657, test_acc:0.738
epoch :1200,loss:0.0732714012, train_acc:1.000, dev_acc:0.657, test_acc:0.735
epoch :1600,loss:0.0725200549, train_acc:1.000, dev_acc:0.657, test_acc:0.734
Test acc69.490
do, mix_alpha, consis_coeff_0.5_0.0_0.0:71.29936305732483_2.3397913832191324
time_267.48065304756165
