do_0.5
mixup_alpha_0.0
mixup_consistency_0.0
0
epoch :   0,loss:1.9474016428, train_acc:0.200, dev_acc:0.171, test_acc:0.262
epoch : 400,loss:0.1015133262, train_acc:1.000, dev_acc:0.657, test_acc:0.607
epoch : 800,loss:0.0828249082, train_acc:1.000, dev_acc:0.629, test_acc:0.615
epoch :1200,loss:0.0800191239, train_acc:1.000, dev_acc:0.629, test_acc:0.623
epoch :1600,loss:0.0791293830, train_acc:1.000, dev_acc:0.657, test_acc:0.623
Test acc68.571
1
epoch :   0,loss:1.9452996254, train_acc:0.229, dev_acc:0.086, test_acc:0.112
epoch : 400,loss:0.1056073904, train_acc:1.000, dev_acc:0.571, test_acc:0.627
epoch : 800,loss:0.0839637071, train_acc:1.000, dev_acc:0.600, test_acc:0.623
epoch :1200,loss:0.0806258619, train_acc:1.000, dev_acc:0.629, test_acc:0.629
epoch :1600,loss:0.0794786662, train_acc:1.000, dev_acc:0.657, test_acc:0.633
Test acc71.429
2
epoch :   0,loss:1.9445905685, train_acc:0.257, dev_acc:0.114, test_acc:0.166
epoch : 400,loss:0.1060891598, train_acc:1.000, dev_acc:0.686, test_acc:0.618
epoch : 800,loss:0.0840256065, train_acc:1.000, dev_acc:0.657, test_acc:0.624
epoch :1200,loss:0.0803754777, train_acc:1.000, dev_acc:0.657, test_acc:0.626
epoch :1600,loss:0.0791828260, train_acc:1.000, dev_acc:0.657, test_acc:0.629
Test acc71.429
3
epoch :   0,loss:1.9479396343, train_acc:0.143, dev_acc:0.114, test_acc:0.263
epoch : 400,loss:0.1061999053, train_acc:1.000, dev_acc:0.629, test_acc:0.632
epoch : 800,loss:0.0842895284, train_acc:1.000, dev_acc:0.629, test_acc:0.630
epoch :1200,loss:0.0807473734, train_acc:1.000, dev_acc:0.629, test_acc:0.627
epoch :1600,loss:0.0795710608, train_acc:1.000, dev_acc:0.629, test_acc:0.624
Test acc62.857
4
epoch :   0,loss:1.9446635246, train_acc:0.257, dev_acc:0.229, test_acc:0.120
epoch : 400,loss:0.1045664847, train_acc:1.000, dev_acc:0.629, test_acc:0.621
epoch : 800,loss:0.0836935863, train_acc:1.000, dev_acc:0.629, test_acc:0.619
epoch :1200,loss:0.0805511028, train_acc:1.000, dev_acc:0.629, test_acc:0.625
epoch :1600,loss:0.0796529502, train_acc:1.000, dev_acc:0.657, test_acc:0.629
Test acc65.714
do, mix_alpha, consis_coeff_0.5_0.0_0.0:68.0_3.331972511340174
time_135.28233242034912
best_val_acc:68.0
Running model using best hyperparameters
best_do_0.5
best_mixup_alpha_0.0
best_mixup_consistency_0.0
0
epoch :   0,loss:1.9474016428, train_acc:0.200, dev_acc:0.171, test_acc:0.262
epoch : 400,loss:0.1015133262, train_acc:1.000, dev_acc:0.657, test_acc:0.607
epoch : 800,loss:0.0828249082, train_acc:1.000, dev_acc:0.629, test_acc:0.615
epoch :1200,loss:0.0800191239, train_acc:1.000, dev_acc:0.629, test_acc:0.623
epoch :1600,loss:0.0791293830, train_acc:1.000, dev_acc:0.657, test_acc:0.623
Test acc61.019
1
epoch :   0,loss:1.9452996254, train_acc:0.229, dev_acc:0.086, test_acc:0.112
epoch : 400,loss:0.1056073904, train_acc:1.000, dev_acc:0.571, test_acc:0.627
epoch : 800,loss:0.0839637071, train_acc:1.000, dev_acc:0.600, test_acc:0.623
epoch :1200,loss:0.0806258619, train_acc:1.000, dev_acc:0.629, test_acc:0.629
epoch :1600,loss:0.0794786662, train_acc:1.000, dev_acc:0.657, test_acc:0.633
Test acc65.096
2
epoch :   0,loss:1.9445905685, train_acc:0.257, dev_acc:0.114, test_acc:0.166
epoch : 400,loss:0.1060891598, train_acc:1.000, dev_acc:0.686, test_acc:0.618
epoch : 800,loss:0.0840256065, train_acc:1.000, dev_acc:0.657, test_acc:0.624
epoch :1200,loss:0.0803754777, train_acc:1.000, dev_acc:0.657, test_acc:0.626
epoch :1600,loss:0.0791828260, train_acc:1.000, dev_acc:0.657, test_acc:0.629
Test acc64.268
3
epoch :   0,loss:1.9479396343, train_acc:0.143, dev_acc:0.114, test_acc:0.263
epoch : 400,loss:0.1061999053, train_acc:1.000, dev_acc:0.629, test_acc:0.632
epoch : 800,loss:0.0842895284, train_acc:1.000, dev_acc:0.629, test_acc:0.630
epoch :1200,loss:0.0807473734, train_acc:1.000, dev_acc:0.629, test_acc:0.627
epoch :1600,loss:0.0795710608, train_acc:1.000, dev_acc:0.629, test_acc:0.624
Test acc61.592
4
epoch :   0,loss:1.9446635246, train_acc:0.257, dev_acc:0.229, test_acc:0.120
epoch : 400,loss:0.1045664847, train_acc:1.000, dev_acc:0.629, test_acc:0.621
epoch : 800,loss:0.0836935863, train_acc:1.000, dev_acc:0.629, test_acc:0.619
epoch :1200,loss:0.0805511028, train_acc:1.000, dev_acc:0.629, test_acc:0.625
epoch :1600,loss:0.0796529502, train_acc:1.000, dev_acc:0.657, test_acc:0.629
Test acc62.611
do, mix_alpha, consis_coeff_0.5_0.0_0.0:62.91719745222929_1.5504812312178922
time_265.22391867637634
